INFO : [lsi.ubu.util.PoolDeConexiones.getConnection(PoolDeConexiones.java:109)]2026-04-24 14:27:44.063 [main] PoolDeConexiones - Activacion de Autocommit=false
INFO : [lsi.ubu.util.PoolDeConexiones.getConnection(PoolDeConexiones.java:117)]2026-04-24 14:27:44.068 [main] PoolDeConexiones - Activacion de Autocommit=false
Nivel de Aislamiento=TRANSACTION_READ_COMMITTED
INFO : [lsi.ubu.util.PoolDeConexiones.getConnection(PoolDeConexiones.java:109)]2026-04-24 14:27:44.393 [main] PoolDeConexiones - Activacion de Autocommit=false
INFO : [lsi.ubu.util.PoolDeConexiones.getConnection(PoolDeConexiones.java:117)]2026-04-24 14:27:44.394 [main] PoolDeConexiones - Activacion de Autocommit=false
Nivel de Aislamiento=TRANSACTION_READ_COMMITTED
ERROR: [lsi.ubu.servicios.EsqueletoGestionDonacionesSangre.realizar_donacion(EsqueletoGestionDonacionesSangre.java:155)]2026-04-24 14:27:44.450 [main] EsqueletoGestionDonacionesSangre - ORA-00942: table or view does not exist

DEBUG: [lsi.ubu.util.ExecuteScript.run(ExecuteScript.java:59)]2026-04-24 14:29:31.166 [main] ExecuteScript - 
DEBUG: [lsi.ubu.util.ExecuteScript.run(ExecuteScript.java:59)]2026-04-24 14:29:31.170 [main] ExecuteScript - SQL*Plus: Release 11.2.0.2.0 Production on Vie Abr 24 14:29:31 2026
DEBUG: [lsi.ubu.util.ExecuteScript.run(ExecuteScript.java:59)]2026-04-24 14:29:31.170 [main] ExecuteScript - 
DEBUG: [lsi.ubu.util.ExecuteScript.run(ExecuteScript.java:59)]2026-04-24 14:29:31.171 [main] ExecuteScript - Copyright (c) 1982, 2011, Oracle.  All rights reserved.
DEBUG: [lsi.ubu.util.ExecuteScript.run(ExecuteScript.java:59)]2026-04-24 14:29:31.173 [main] ExecuteScript - 
DEBUG: [lsi.ubu.util.ExecuteScript.run(ExecuteScript.java:59)]2026-04-24 14:29:31.294 [main] ExecuteScript - 
DEBUG: [lsi.ubu.util.ExecuteScript.run(ExecuteScript.java:59)]2026-04-24 14:29:31.294 [main] ExecuteScript - Connected to:
DEBUG: [lsi.ubu.util.ExecuteScript.run(ExecuteScript.java:59)]2026-04-24 14:29:31.295 [main] ExecuteScript - Oracle Database 11g Express Edition Release 11.2.0.2.0 - 64bit Production
DEBUG: [lsi.ubu.util.ExecuteScript.run(ExecuteScript.java:59)]2026-04-24 14:29:31.295 [main] ExecuteScript - 
DEBUG: [lsi.ubu.util.ExecuteScript.run(ExecuteScript.java:59)]2026-04-24 14:29:31.444 [main] ExecuteScript - drop table hospital cascade constraints
DEBUG: [lsi.ubu.util.ExecuteScript.run(ExecuteScript.java:59)]2026-04-24 14:29:31.445 [main] ExecuteScript -            *
DEBUG: [lsi.ubu.util.ExecuteScript.run(ExecuteScript.java:59)]2026-04-24 14:29:31.445 [main] ExecuteScript - ERROR at line 1:
DEBUG: [lsi.ubu.util.ExecuteScript.run(ExecuteScript.java:59)]2026-04-24 14:29:31.446 [main] ExecuteScript - ORA-00942: table or view does not exist
DEBUG: [lsi.ubu.util.ExecuteScript.run(ExecuteScript.java:59)]2026-04-24 14:29:31.446 [main] ExecuteScript - 
DEBUG: [lsi.ubu.util.ExecuteScript.run(ExecuteScript.java:59)]2026-04-24 14:29:31.446 [main] ExecuteScript - 
DEBUG: [lsi.ubu.util.ExecuteScript.run(ExecuteScript.java:59)]2026-04-24 14:29:31.449 [main] ExecuteScript - drop table tipo_sangre cascade constraints
DEBUG: [lsi.ubu.util.ExecuteScript.run(ExecuteScript.java:59)]2026-04-24 14:29:31.452 [main] ExecuteScript -            *
DEBUG: [lsi.ubu.util.ExecuteScript.run(ExecuteScript.java:59)]2026-04-24 14:29:31.452 [main] ExecuteScript - ERROR at line 1:
DEBUG: [lsi.ubu.util.ExecuteScript.run(ExecuteScript.java:59)]2026-04-24 14:29:31.452 [main] ExecuteScript - ORA-00942: table or view does not exist
DEBUG: [lsi.ubu.util.ExecuteScript.run(ExecuteScript.java:59)]2026-04-24 14:29:31.452 [main] ExecuteScript - 
DEBUG: [lsi.ubu.util.ExecuteScript.run(ExecuteScript.java:59)]2026-04-24 14:29:31.452 [main] ExecuteScript - 
DEBUG: [lsi.ubu.util.ExecuteScript.run(ExecuteScript.java:59)]2026-04-24 14:29:31.452 [main] ExecuteScript - drop table reserva_hospital cascade constraints
DEBUG: [lsi.ubu.util.ExecuteScript.run(ExecuteScript.java:59)]2026-04-24 14:29:31.453 [main] ExecuteScript -            *
DEBUG: [lsi.ubu.util.ExecuteScript.run(ExecuteScript.java:59)]2026-04-24 14:29:31.453 [main] ExecuteScript - ERROR at line 1:
DEBUG: [lsi.ubu.util.ExecuteScript.run(ExecuteScript.java:59)]2026-04-24 14:29:31.453 [main] ExecuteScript - ORA-00942: table or view does not exist
DEBUG: [lsi.ubu.util.ExecuteScript.run(ExecuteScript.java:59)]2026-04-24 14:29:31.453 [main] ExecuteScript - 
DEBUG: [lsi.ubu.util.ExecuteScript.run(ExecuteScript.java:59)]2026-04-24 14:29:31.453 [main] ExecuteScript - 
DEBUG: [lsi.ubu.util.ExecuteScript.run(ExecuteScript.java:59)]2026-04-24 14:29:31.453 [main] ExecuteScript - drop table donante cascade constraints
DEBUG: [lsi.ubu.util.ExecuteScript.run(ExecuteScript.java:59)]2026-04-24 14:29:31.453 [main] ExecuteScript -            *
DEBUG: [lsi.ubu.util.ExecuteScript.run(ExecuteScript.java:59)]2026-04-24 14:29:31.453 [main] ExecuteScript - ERROR at line 1:
DEBUG: [lsi.ubu.util.ExecuteScript.run(ExecuteScript.java:59)]2026-04-24 14:29:31.453 [main] ExecuteScript - ORA-00942: table or view does not exist
DEBUG: [lsi.ubu.util.ExecuteScript.run(ExecuteScript.java:59)]2026-04-24 14:29:31.454 [main] ExecuteScript - 
DEBUG: [lsi.ubu.util.ExecuteScript.run(ExecuteScript.java:59)]2026-04-24 14:29:31.454 [main] ExecuteScript - 
DEBUG: [lsi.ubu.util.ExecuteScript.run(ExecuteScript.java:59)]2026-04-24 14:29:31.454 [main] ExecuteScript - drop table donacion cascade constraints
DEBUG: [lsi.ubu.util.ExecuteScript.run(ExecuteScript.java:59)]2026-04-24 14:29:31.454 [main] ExecuteScript -            *
DEBUG: [lsi.ubu.util.ExecuteScript.run(ExecuteScript.java:59)]2026-04-24 14:29:31.454 [main] ExecuteScript - ERROR at line 1:
DEBUG: [lsi.ubu.util.ExecuteScript.run(ExecuteScript.java:59)]2026-04-24 14:29:31.455 [main] ExecuteScript - ORA-00942: table or view does not exist
DEBUG: [lsi.ubu.util.ExecuteScript.run(ExecuteScript.java:59)]2026-04-24 14:29:31.455 [main] ExecuteScript - 
DEBUG: [lsi.ubu.util.ExecuteScript.run(ExecuteScript.java:59)]2026-04-24 14:29:31.455 [main] ExecuteScript - 
DEBUG: [lsi.ubu.util.ExecuteScript.run(ExecuteScript.java:59)]2026-04-24 14:29:31.457 [main] ExecuteScript - drop table traspaso cascade constraints
DEBUG: [lsi.ubu.util.ExecuteScript.run(ExecuteScript.java:59)]2026-04-24 14:29:31.457 [main] ExecuteScript -            *
DEBUG: [lsi.ubu.util.ExecuteScript.run(ExecuteScript.java:59)]2026-04-24 14:29:31.457 [main] ExecuteScript - ERROR at line 1:
DEBUG: [lsi.ubu.util.ExecuteScript.run(ExecuteScript.java:59)]2026-04-24 14:29:31.457 [main] ExecuteScript - ORA-00942: table or view does not exist
DEBUG: [lsi.ubu.util.ExecuteScript.run(ExecuteScript.java:59)]2026-04-24 14:29:31.457 [main] ExecuteScript - 
DEBUG: [lsi.ubu.util.ExecuteScript.run(ExecuteScript.java:59)]2026-04-24 14:29:31.457 [main] ExecuteScript - 
DEBUG: [lsi.ubu.util.ExecuteScript.run(ExecuteScript.java:59)]2026-04-24 14:29:31.459 [main] ExecuteScript - drop sequence seq_hospital
DEBUG: [lsi.ubu.util.ExecuteScript.run(ExecuteScript.java:59)]2026-04-24 14:29:31.459 [main] ExecuteScript -               *
DEBUG: [lsi.ubu.util.ExecuteScript.run(ExecuteScript.java:59)]2026-04-24 14:29:31.459 [main] ExecuteScript - ERROR at line 1:
DEBUG: [lsi.ubu.util.ExecuteScript.run(ExecuteScript.java:59)]2026-04-24 14:29:31.460 [main] ExecuteScript - ORA-02289: sequence does not exist
DEBUG: [lsi.ubu.util.ExecuteScript.run(ExecuteScript.java:59)]2026-04-24 14:29:31.461 [main] ExecuteScript - 
DEBUG: [lsi.ubu.util.ExecuteScript.run(ExecuteScript.java:59)]2026-04-24 14:29:31.461 [main] ExecuteScript - 
DEBUG: [lsi.ubu.util.ExecuteScript.run(ExecuteScript.java:59)]2026-04-24 14:29:31.461 [main] ExecuteScript - drop sequence seq_tipo_sangre
DEBUG: [lsi.ubu.util.ExecuteScript.run(ExecuteScript.java:59)]2026-04-24 14:29:31.461 [main] ExecuteScript -               *
DEBUG: [lsi.ubu.util.ExecuteScript.run(ExecuteScript.java:59)]2026-04-24 14:29:31.461 [main] ExecuteScript - ERROR at line 1:
DEBUG: [lsi.ubu.util.ExecuteScript.run(ExecuteScript.java:59)]2026-04-24 14:29:31.461 [main] ExecuteScript - ORA-02289: sequence does not exist
DEBUG: [lsi.ubu.util.ExecuteScript.run(ExecuteScript.java:59)]2026-04-24 14:29:31.461 [main] ExecuteScript - 
DEBUG: [lsi.ubu.util.ExecuteScript.run(ExecuteScript.java:59)]2026-04-24 14:29:31.461 [main] ExecuteScript - 
DEBUG: [lsi.ubu.util.ExecuteScript.run(ExecuteScript.java:59)]2026-04-24 14:29:31.465 [main] ExecuteScript - drop sequence seq_donacion
DEBUG: [lsi.ubu.util.ExecuteScript.run(ExecuteScript.java:59)]2026-04-24 14:29:31.466 [main] ExecuteScript -               *
DEBUG: [lsi.ubu.util.ExecuteScript.run(ExecuteScript.java:59)]2026-04-24 14:29:31.466 [main] ExecuteScript - ERROR at line 1:
DEBUG: [lsi.ubu.util.ExecuteScript.run(ExecuteScript.java:59)]2026-04-24 14:29:31.466 [main] ExecuteScript - ORA-02289: sequence does not exist
DEBUG: [lsi.ubu.util.ExecuteScript.run(ExecuteScript.java:59)]2026-04-24 14:29:31.466 [main] ExecuteScript - 
DEBUG: [lsi.ubu.util.ExecuteScript.run(ExecuteScript.java:59)]2026-04-24 14:29:31.466 [main] ExecuteScript - 
DEBUG: [lsi.ubu.util.ExecuteScript.run(ExecuteScript.java:59)]2026-04-24 14:29:31.466 [main] ExecuteScript - drop sequence seq_traspaso
DEBUG: [lsi.ubu.util.ExecuteScript.run(ExecuteScript.java:59)]2026-04-24 14:29:31.466 [main] ExecuteScript -               *
DEBUG: [lsi.ubu.util.ExecuteScript.run(ExecuteScript.java:59)]2026-04-24 14:29:31.466 [main] ExecuteScript - ERROR at line 1:
DEBUG: [lsi.ubu.util.ExecuteScript.run(ExecuteScript.java:59)]2026-04-24 14:29:31.467 [main] ExecuteScript - ORA-02289: sequence does not exist
DEBUG: [lsi.ubu.util.ExecuteScript.run(ExecuteScript.java:59)]2026-04-24 14:29:31.467 [main] ExecuteScript - 
DEBUG: [lsi.ubu.util.ExecuteScript.run(ExecuteScript.java:59)]2026-04-24 14:29:31.467 [main] ExecuteScript - 
DEBUG: [lsi.ubu.util.ExecuteScript.run(ExecuteScript.java:59)]2026-04-24 14:29:31.500 [main] ExecuteScript - 
DEBUG: [lsi.ubu.util.ExecuteScript.run(ExecuteScript.java:59)]2026-04-24 14:29:31.500 [main] ExecuteScript - Sequence created.
DEBUG: [lsi.ubu.util.ExecuteScript.run(ExecuteScript.java:59)]2026-04-24 14:29:31.500 [main] ExecuteScript - 
DEBUG: [lsi.ubu.util.ExecuteScript.run(ExecuteScript.java:59)]2026-04-24 14:29:31.647 [main] ExecuteScript - 
DEBUG: [lsi.ubu.util.ExecuteScript.run(ExecuteScript.java:59)]2026-04-24 14:29:31.647 [main] ExecuteScript - Table created.
DEBUG: [lsi.ubu.util.ExecuteScript.run(ExecuteScript.java:59)]2026-04-24 14:29:31.647 [main] ExecuteScript - 
DEBUG: [lsi.ubu.util.ExecuteScript.run(ExecuteScript.java:59)]2026-04-24 14:29:31.652 [main] ExecuteScript - 
DEBUG: [lsi.ubu.util.ExecuteScript.run(ExecuteScript.java:59)]2026-04-24 14:29:31.653 [main] ExecuteScript - Sequence created.
DEBUG: [lsi.ubu.util.ExecuteScript.run(ExecuteScript.java:59)]2026-04-24 14:29:31.653 [main] ExecuteScript - 
DEBUG: [lsi.ubu.util.ExecuteScript.run(ExecuteScript.java:59)]2026-04-24 14:29:31.678 [main] ExecuteScript - 
DEBUG: [lsi.ubu.util.ExecuteScript.run(ExecuteScript.java:59)]2026-04-24 14:29:31.678 [main] ExecuteScript - Table created.
DEBUG: [lsi.ubu.util.ExecuteScript.run(ExecuteScript.java:59)]2026-04-24 14:29:31.678 [main] ExecuteScript - 
DEBUG: [lsi.ubu.util.ExecuteScript.run(ExecuteScript.java:59)]2026-04-24 14:29:31.704 [main] ExecuteScript - 
DEBUG: [lsi.ubu.util.ExecuteScript.run(ExecuteScript.java:59)]2026-04-24 14:29:31.704 [main] ExecuteScript - Table created.
DEBUG: [lsi.ubu.util.ExecuteScript.run(ExecuteScript.java:59)]2026-04-24 14:29:31.704 [main] ExecuteScript - 
DEBUG: [lsi.ubu.util.ExecuteScript.run(ExecuteScript.java:59)]2026-04-24 14:29:31.738 [main] ExecuteScript - 
DEBUG: [lsi.ubu.util.ExecuteScript.run(ExecuteScript.java:59)]2026-04-24 14:29:31.739 [main] ExecuteScript - Table created.
DEBUG: [lsi.ubu.util.ExecuteScript.run(ExecuteScript.java:59)]2026-04-24 14:29:31.739 [main] ExecuteScript - 
DEBUG: [lsi.ubu.util.ExecuteScript.run(ExecuteScript.java:59)]2026-04-24 14:29:31.747 [main] ExecuteScript - 
DEBUG: [lsi.ubu.util.ExecuteScript.run(ExecuteScript.java:59)]2026-04-24 14:29:31.747 [main] ExecuteScript - Sequence created.
DEBUG: [lsi.ubu.util.ExecuteScript.run(ExecuteScript.java:59)]2026-04-24 14:29:31.747 [main] ExecuteScript - 
DEBUG: [lsi.ubu.util.ExecuteScript.run(ExecuteScript.java:59)]2026-04-24 14:29:31.778 [main] ExecuteScript - 
DEBUG: [lsi.ubu.util.ExecuteScript.run(ExecuteScript.java:59)]2026-04-24 14:29:31.779 [main] ExecuteScript - Table created.
DEBUG: [lsi.ubu.util.ExecuteScript.run(ExecuteScript.java:59)]2026-04-24 14:29:31.780 [main] ExecuteScript - 
DEBUG: [lsi.ubu.util.ExecuteScript.run(ExecuteScript.java:59)]2026-04-24 14:29:31.786 [main] ExecuteScript - 
DEBUG: [lsi.ubu.util.ExecuteScript.run(ExecuteScript.java:59)]2026-04-24 14:29:31.786 [main] ExecuteScript - Sequence created.
DEBUG: [lsi.ubu.util.ExecuteScript.run(ExecuteScript.java:59)]2026-04-24 14:29:31.787 [main] ExecuteScript - 
DEBUG: [lsi.ubu.util.ExecuteScript.run(ExecuteScript.java:59)]2026-04-24 14:29:31.827 [main] ExecuteScript - 
DEBUG: [lsi.ubu.util.ExecuteScript.run(ExecuteScript.java:59)]2026-04-24 14:29:31.828 [main] ExecuteScript - Table created.
DEBUG: [lsi.ubu.util.ExecuteScript.run(ExecuteScript.java:59)]2026-04-24 14:29:31.828 [main] ExecuteScript - 
DEBUG: [lsi.ubu.util.ExecuteScript.run(ExecuteScript.java:59)]2026-04-24 14:29:32.089 [main] ExecuteScript - 
DEBUG: [lsi.ubu.util.ExecuteScript.run(ExecuteScript.java:59)]2026-04-24 14:29:32.089 [main] ExecuteScript - Procedure created.
DEBUG: [lsi.ubu.util.ExecuteScript.run(ExecuteScript.java:59)]2026-04-24 14:29:32.090 [main] ExecuteScript - 
DEBUG: [lsi.ubu.util.ExecuteScript.run(ExecuteScript.java:59)]2026-04-24 14:29:32.196 [main] ExecuteScript - 
DEBUG: [lsi.ubu.util.ExecuteScript.run(ExecuteScript.java:59)]2026-04-24 14:29:32.196 [main] ExecuteScript - Procedure created.
DEBUG: [lsi.ubu.util.ExecuteScript.run(ExecuteScript.java:59)]2026-04-24 14:29:32.197 [main] ExecuteScript - 
DEBUG: [lsi.ubu.util.ExecuteScript.run(ExecuteScript.java:59)]2026-04-24 14:29:32.198 [main] ExecuteScript - Disconnected from Oracle Database 11g Express Edition Release 11.2.0.2.0 - 64bit Production
INFO : [lsi.ubu.util.PoolDeConexiones.getConnection(PoolDeConexiones.java:109)]2026-04-24 14:29:33.102 [main] PoolDeConexiones - Activacion de Autocommit=false
INFO : [lsi.ubu.util.PoolDeConexiones.getConnection(PoolDeConexiones.java:117)]2026-04-24 14:29:33.105 [main] PoolDeConexiones - Activacion de Autocommit=false
Nivel de Aislamiento=TRANSACTION_READ_COMMITTED
DEBUG: [lsi.ubu.util.ExecuteScript.run(ExecuteScript.java:59)]2026-04-24 14:29:33.324 [main] ExecuteScript - 
DEBUG: [lsi.ubu.util.ExecuteScript.run(ExecuteScript.java:59)]2026-04-24 14:29:33.331 [main] ExecuteScript - SQL*Plus: Release 11.2.0.2.0 Production on Vie Abr 24 14:29:33 2026
DEBUG: [lsi.ubu.util.ExecuteScript.run(ExecuteScript.java:59)]2026-04-24 14:29:33.331 [main] ExecuteScript - 
DEBUG: [lsi.ubu.util.ExecuteScript.run(ExecuteScript.java:59)]2026-04-24 14:29:33.332 [main] ExecuteScript - Copyright (c) 1982, 2011, Oracle.  All rights reserved.
DEBUG: [lsi.ubu.util.ExecuteScript.run(ExecuteScript.java:59)]2026-04-24 14:29:33.336 [main] ExecuteScript - 
INFO : [lsi.ubu.util.PoolDeConexiones.getConnection(PoolDeConexiones.java:109)]2026-04-24 14:29:33.421 [main] PoolDeConexiones - Activacion de Autocommit=false
INFO : [lsi.ubu.util.PoolDeConexiones.getConnection(PoolDeConexiones.java:117)]2026-04-24 14:29:33.421 [main] PoolDeConexiones - Activacion de Autocommit=false
Nivel de Aislamiento=TRANSACTION_READ_COMMITTED
DEBUG: [lsi.ubu.util.ExecuteScript.run(ExecuteScript.java:59)]2026-04-24 14:29:33.430 [main] ExecuteScript - 
DEBUG: [lsi.ubu.util.ExecuteScript.run(ExecuteScript.java:59)]2026-04-24 14:29:33.431 [main] ExecuteScript - Connected to:
DEBUG: [lsi.ubu.util.ExecuteScript.run(ExecuteScript.java:59)]2026-04-24 14:29:33.431 [main] ExecuteScript - Oracle Database 11g Express Edition Release 11.2.0.2.0 - 64bit Production
DEBUG: [lsi.ubu.util.ExecuteScript.run(ExecuteScript.java:59)]2026-04-24 14:29:33.432 [main] ExecuteScript - 
ERROR: [lsi.ubu.servicios.EsqueletoGestionDonacionesSangre.realizar_donacion(EsqueletoGestionDonacionesSangre.java:155)]2026-04-24 14:29:33.640 [main] EsqueletoGestionDonacionesSangre - ORA-00942: table or view does not exist

DEBUG: [lsi.ubu.util.ExecuteScript.run(ExecuteScript.java:59)]2026-04-24 14:29:33.650 [main] ExecuteScript - 
DEBUG: [lsi.ubu.util.ExecuteScript.run(ExecuteScript.java:59)]2026-04-24 14:29:33.653 [main] ExecuteScript - Table dropped.
DEBUG: [lsi.ubu.util.ExecuteScript.run(ExecuteScript.java:59)]2026-04-24 14:29:33.655 [main] ExecuteScript - 
DEBUG: [lsi.ubu.util.ExecuteScript.run(ExecuteScript.java:59)]2026-04-24 14:29:33.684 [main] ExecuteScript - 
DEBUG: [lsi.ubu.util.ExecuteScript.run(ExecuteScript.java:59)]2026-04-24 14:29:33.684 [main] ExecuteScript - Table dropped.
DEBUG: [lsi.ubu.util.ExecuteScript.run(ExecuteScript.java:59)]2026-04-24 14:29:33.685 [main] ExecuteScript - 
DEBUG: [lsi.ubu.util.ExecuteScript.run(ExecuteScript.java:59)]2026-04-24 14:29:33.715 [main] ExecuteScript - 
DEBUG: [lsi.ubu.util.ExecuteScript.run(ExecuteScript.java:59)]2026-04-24 14:29:33.716 [main] ExecuteScript - Table dropped.
DEBUG: [lsi.ubu.util.ExecuteScript.run(ExecuteScript.java:59)]2026-04-24 14:29:33.717 [main] ExecuteScript - 
DEBUG: [lsi.ubu.util.ExecuteScript.run(ExecuteScript.java:59)]2026-04-24 14:29:33.748 [main] ExecuteScript - 
DEBUG: [lsi.ubu.util.ExecuteScript.run(ExecuteScript.java:59)]2026-04-24 14:29:33.749 [main] ExecuteScript - Table dropped.
DEBUG: [lsi.ubu.util.ExecuteScript.run(ExecuteScript.java:59)]2026-04-24 14:29:33.750 [main] ExecuteScript - 
DEBUG: [lsi.ubu.util.ExecuteScript.run(ExecuteScript.java:59)]2026-04-24 14:29:33.790 [main] ExecuteScript - 
DEBUG: [lsi.ubu.util.ExecuteScript.run(ExecuteScript.java:59)]2026-04-24 14:29:33.790 [main] ExecuteScript - Table dropped.
DEBUG: [lsi.ubu.util.ExecuteScript.run(ExecuteScript.java:59)]2026-04-24 14:29:33.790 [main] ExecuteScript - 
DEBUG: [lsi.ubu.util.ExecuteScript.run(ExecuteScript.java:59)]2026-04-24 14:29:33.813 [main] ExecuteScript - 
DEBUG: [lsi.ubu.util.ExecuteScript.run(ExecuteScript.java:59)]2026-04-24 14:29:33.817 [main] ExecuteScript - Table dropped.
DEBUG: [lsi.ubu.util.ExecuteScript.run(ExecuteScript.java:59)]2026-04-24 14:29:33.822 [main] ExecuteScript - 
DEBUG: [lsi.ubu.util.ExecuteScript.run(ExecuteScript.java:59)]2026-04-24 14:29:33.836 [main] ExecuteScript - 
DEBUG: [lsi.ubu.util.ExecuteScript.run(ExecuteScript.java:59)]2026-04-24 14:29:33.837 [main] ExecuteScript - Sequence dropped.
DEBUG: [lsi.ubu.util.ExecuteScript.run(ExecuteScript.java:59)]2026-04-24 14:29:33.837 [main] ExecuteScript - 
DEBUG: [lsi.ubu.util.ExecuteScript.run(ExecuteScript.java:59)]2026-04-24 14:29:33.842 [main] ExecuteScript - 
DEBUG: [lsi.ubu.util.ExecuteScript.run(ExecuteScript.java:59)]2026-04-24 14:29:33.843 [main] ExecuteScript - Sequence dropped.
DEBUG: [lsi.ubu.util.ExecuteScript.run(ExecuteScript.java:59)]2026-04-24 14:29:33.843 [main] ExecuteScript - 
DEBUG: [lsi.ubu.util.ExecuteScript.run(ExecuteScript.java:59)]2026-04-24 14:29:33.854 [main] ExecuteScript - 
DEBUG: [lsi.ubu.util.ExecuteScript.run(ExecuteScript.java:59)]2026-04-24 14:29:33.854 [main] ExecuteScript - Sequence dropped.
DEBUG: [lsi.ubu.util.ExecuteScript.run(ExecuteScript.java:59)]2026-04-24 14:29:33.854 [main] ExecuteScript - 
DEBUG: [lsi.ubu.util.ExecuteScript.run(ExecuteScript.java:59)]2026-04-24 14:29:33.864 [main] ExecuteScript - 
DEBUG: [lsi.ubu.util.ExecuteScript.run(ExecuteScript.java:59)]2026-04-24 14:29:33.865 [main] ExecuteScript - Sequence dropped.
DEBUG: [lsi.ubu.util.ExecuteScript.run(ExecuteScript.java:59)]2026-04-24 14:29:33.865 [main] ExecuteScript - 
DEBUG: [lsi.ubu.util.ExecuteScript.run(ExecuteScript.java:59)]2026-04-24 14:29:33.874 [main] ExecuteScript - 
DEBUG: [lsi.ubu.util.ExecuteScript.run(ExecuteScript.java:59)]2026-04-24 14:29:33.875 [main] ExecuteScript - Sequence created.
DEBUG: [lsi.ubu.util.ExecuteScript.run(ExecuteScript.java:59)]2026-04-24 14:29:33.875 [main] ExecuteScript - 
DEBUG: [lsi.ubu.util.ExecuteScript.run(ExecuteScript.java:59)]2026-04-24 14:29:33.889 [main] ExecuteScript - 
DEBUG: [lsi.ubu.util.ExecuteScript.run(ExecuteScript.java:59)]2026-04-24 14:29:33.890 [main] ExecuteScript - Table created.
DEBUG: [lsi.ubu.util.ExecuteScript.run(ExecuteScript.java:59)]2026-04-24 14:29:33.890 [main] ExecuteScript - 
DEBUG: [lsi.ubu.util.ExecuteScript.run(ExecuteScript.java:59)]2026-04-24 14:29:33.901 [main] ExecuteScript - 
DEBUG: [lsi.ubu.util.ExecuteScript.run(ExecuteScript.java:59)]2026-04-24 14:29:33.901 [main] ExecuteScript - Sequence created.
DEBUG: [lsi.ubu.util.ExecuteScript.run(ExecuteScript.java:59)]2026-04-24 14:29:33.901 [main] ExecuteScript - 
DEBUG: [lsi.ubu.util.ExecuteScript.run(ExecuteScript.java:59)]2026-04-24 14:29:33.914 [main] ExecuteScript - 
DEBUG: [lsi.ubu.util.ExecuteScript.run(ExecuteScript.java:59)]2026-04-24 14:29:33.914 [main] ExecuteScript - Table created.
DEBUG: [lsi.ubu.util.ExecuteScript.run(ExecuteScript.java:59)]2026-04-24 14:29:33.914 [main] ExecuteScript - 
DEBUG: [lsi.ubu.util.ExecuteScript.run(ExecuteScript.java:59)]2026-04-24 14:29:33.930 [main] ExecuteScript - 
DEBUG: [lsi.ubu.util.ExecuteScript.run(ExecuteScript.java:59)]2026-04-24 14:29:33.930 [main] ExecuteScript - Table created.
DEBUG: [lsi.ubu.util.ExecuteScript.run(ExecuteScript.java:59)]2026-04-24 14:29:33.930 [main] ExecuteScript - 
DEBUG: [lsi.ubu.util.ExecuteScript.run(ExecuteScript.java:59)]2026-04-24 14:29:33.954 [main] ExecuteScript - 
DEBUG: [lsi.ubu.util.ExecuteScript.run(ExecuteScript.java:59)]2026-04-24 14:29:33.955 [main] ExecuteScript - Table created.
DEBUG: [lsi.ubu.util.ExecuteScript.run(ExecuteScript.java:59)]2026-04-24 14:29:33.955 [main] ExecuteScript - 
DEBUG: [lsi.ubu.util.ExecuteScript.run(ExecuteScript.java:59)]2026-04-24 14:29:33.964 [main] ExecuteScript - 
DEBUG: [lsi.ubu.util.ExecuteScript.run(ExecuteScript.java:59)]2026-04-24 14:29:33.965 [main] ExecuteScript - Sequence created.
DEBUG: [lsi.ubu.util.ExecuteScript.run(ExecuteScript.java:59)]2026-04-24 14:29:33.965 [main] ExecuteScript - 
DEBUG: [lsi.ubu.util.ExecuteScript.run(ExecuteScript.java:59)]2026-04-24 14:29:33.983 [main] ExecuteScript - 
DEBUG: [lsi.ubu.util.ExecuteScript.run(ExecuteScript.java:59)]2026-04-24 14:29:33.983 [main] ExecuteScript - Table created.
DEBUG: [lsi.ubu.util.ExecuteScript.run(ExecuteScript.java:59)]2026-04-24 14:29:33.983 [main] ExecuteScript - 
DEBUG: [lsi.ubu.util.ExecuteScript.run(ExecuteScript.java:59)]2026-04-24 14:29:33.993 [main] ExecuteScript - 
DEBUG: [lsi.ubu.util.ExecuteScript.run(ExecuteScript.java:59)]2026-04-24 14:29:33.994 [main] ExecuteScript - Sequence created.
DEBUG: [lsi.ubu.util.ExecuteScript.run(ExecuteScript.java:59)]2026-04-24 14:29:33.994 [main] ExecuteScript - 
DEBUG: [lsi.ubu.util.ExecuteScript.run(ExecuteScript.java:59)]2026-04-24 14:29:34.013 [main] ExecuteScript - 
DEBUG: [lsi.ubu.util.ExecuteScript.run(ExecuteScript.java:59)]2026-04-24 14:29:34.013 [main] ExecuteScript - Table created.
DEBUG: [lsi.ubu.util.ExecuteScript.run(ExecuteScript.java:59)]2026-04-24 14:29:34.013 [main] ExecuteScript - 
DEBUG: [lsi.ubu.util.ExecuteScript.run(ExecuteScript.java:59)]2026-04-24 14:29:34.018 [main] ExecuteScript - 
DEBUG: [lsi.ubu.util.ExecuteScript.run(ExecuteScript.java:59)]2026-04-24 14:29:34.019 [main] ExecuteScript - Procedure created.
DEBUG: [lsi.ubu.util.ExecuteScript.run(ExecuteScript.java:59)]2026-04-24 14:29:34.019 [main] ExecuteScript - 
DEBUG: [lsi.ubu.util.ExecuteScript.run(ExecuteScript.java:59)]2026-04-24 14:29:34.045 [main] ExecuteScript - 
DEBUG: [lsi.ubu.util.ExecuteScript.run(ExecuteScript.java:59)]2026-04-24 14:29:34.045 [main] ExecuteScript - Procedure created.
DEBUG: [lsi.ubu.util.ExecuteScript.run(ExecuteScript.java:59)]2026-04-24 14:29:34.045 [main] ExecuteScript - 
DEBUG: [lsi.ubu.util.ExecuteScript.run(ExecuteScript.java:59)]2026-04-24 14:29:34.046 [main] ExecuteScript - Disconnected from Oracle Database 11g Express Edition Release 11.2.0.2.0 - 64bit Production
INFO : [lsi.ubu.util.PoolDeConexiones.getConnection(PoolDeConexiones.java:109)]2026-04-24 14:29:34.865 [main] PoolDeConexiones - Activacion de Autocommit=false
INFO : [lsi.ubu.util.PoolDeConexiones.getConnection(PoolDeConexiones.java:117)]2026-04-24 14:29:34.869 [main] PoolDeConexiones - Activacion de Autocommit=false
Nivel de Aislamiento=TRANSACTION_READ_COMMITTED
INFO : [lsi.ubu.util.PoolDeConexiones.getConnection(PoolDeConexiones.java:109)]2026-04-24 14:29:35.059 [main] PoolDeConexiones - Activacion de Autocommit=false
INFO : [lsi.ubu.util.PoolDeConexiones.getConnection(PoolDeConexiones.java:117)]2026-04-24 14:29:35.059 [main] PoolDeConexiones - Activacion de Autocommit=false
Nivel de Aislamiento=TRANSACTION_READ_COMMITTED
